<?xml version="1.0" encoding="UTF-8"?>
<testng-results ignored="0" total="1" passed="1" failed="0" skipped="0">
  <reporter-output>
  </reporter-output>
  <suite started-at="2025-05-30T13:39:32 IST" name="apiTestSuite" finished-at="2025-05-30T13:39:34 IST" duration-ms="2199">
    <groups>
    </groups>
    <test started-at="2025-05-30T13:39:32 IST" name="Test" finished-at="2025-05-30T13:39:34 IST" duration-ms="2199">
      <class name="loginapi.Logintest">
        <test-method signature="login()[pri:0, instance:loginapi.Logintest@402bba4f]" started-at="2025-05-30T13:39:32 IST" name="login" description="verify the login functionality" finished-at="2025-05-30T13:39:34 IST" duration-ms="2141" status="PASS">
          <reporter-output>
          </reporter-output>
        </test-method> <!-- login -->
      </class> <!-- loginapi.Logintest -->
    </test> <!-- Test -->
  </suite> <!-- apiTestSuite -->
</testng-results>
