<?xml version="1.0" encoding="UTF-8"?>
<testng-results ignored="0" total="4" passed="3" failed="1" skipped="0">
  <reporter-output>
  </reporter-output>
  <suite started-at="2025-05-30T13:21:43 IST" name="apiTestSuite" finished-at="2025-05-30T13:21:45 IST" duration-ms="2128">
    <groups>
    </groups>
    <test started-at="2025-05-30T13:21:43 IST" name="Test" finished-at="2025-05-30T13:21:45 IST" duration-ms="2128">
      <class name="loginapi.GetProfileTest">
        <test-method signature="getprofile()[pri:0, instance:loginapi.GetProfileTest@6b2ea799]" started-at="2025-05-30T13:21:45 IST" name="getprofile" finished-at="2025-05-30T13:21:45 IST" duration-ms="201" status="FAIL">
          <exception class="java.lang.RuntimeException">
            <message>
              <![CDATA[com.fasterxml.jackson.databind.exc.UnrecognizedPropertyException: Unrecognized field "timestamp" (class com.api.model.response.LoginResponse), not marked as ignorable (6 known properties: "username", "token", "type", "id", "email", "roles"])
 at [Source: REDACTED (`StreamReadFeature.INCLUDE_SOURCE_IN_LOCATION` disabled); line: 1, column: 15] (through reference chain: com.api.model.response.LoginResponse["timestamp"])]]>
            </message>
            <full-stacktrace>
              <![CDATA[java.lang.RuntimeException: com.fasterxml.jackson.databind.exc.UnrecognizedPropertyException: Unrecognized field "timestamp" (class com.api.model.response.LoginResponse), not marked as ignorable (6 known properties: "username", "token", "type", "id", "email", "roles"])
 at [Source: REDACTED (`StreamReadFeature.INCLUDE_SOURCE_IN_LOCATION` disabled); line: 1, column: 15] (through reference chain: com.api.model.response.LoginResponse["timestamp"])
at io.restassured.internal.path.json.mapping.JsonPathJackson2ObjectDeserializer.deserialize(JsonPathJackson2ObjectDeserializer.java:30)
at io.restassured.path.json.mapping.JsonPathObjectDeserializer$deserialize.call(Unknown Source)
at io.restassured.internal.mapping.Jackson2Mapper.deserialize(Jackson2Mapper.groovy:58)
at io.restassured.mapper.ObjectMapper$deserialize$0.call(Unknown Source)
at io.restassured.internal.mapping.ObjectMapping.parseWithJackson2(ObjectMapping.groovy:254)
at io.restassured.internal.mapping.ObjectMapping$parseWithJackson2$1.callStatic(Unknown Source)
at io.restassured.internal.mapping.ObjectMapping.deserialize(ObjectMapping.groovy:56)
at io.restassured.internal.mapping.ObjectMapping$deserialize$0.call(Unknown Source)
at io.restassured.internal.RestAssuredResponseOptionsGroovyImpl.as(RestAssuredResponseOptionsGroovyImpl.groovy:229)
at io.restassured.internal.RestAssuredResponseOptionsImpl.as(RestAssuredResponseOptionsImpl.java:169)
at loginapi.GetProfileTest.getprofile(GetProfileTest.java:20)
at java.base/jdk.internal.reflect.DirectMethodHandleAccessor.invoke(DirectMethodHandleAccessor.java:103)
at java.base/java.lang.reflect.Method.invoke(Method.java:580)
at org.testng.internal.invokers.MethodInvocationHelper.invokeMethod(MethodInvocationHelper.java:141)
at org.testng.internal.invokers.TestInvoker.invokeMethod(TestInvoker.java:687)
at org.testng.internal.invokers.TestInvoker.invokeTestMethod(TestInvoker.java:230)
at org.testng.internal.invokers.MethodRunner.runInSequence(MethodRunner.java:63)
at org.testng.internal.invokers.TestInvoker$MethodInvocationAgent.invoke(TestInvoker.java:995)
at org.testng.internal.invokers.TestInvoker.invokeTestMethods(TestInvoker.java:203)
at org.testng.internal.invokers.TestMethodWorker.invokeTestMethods(TestMethodWorker.java:154)
at org.testng.internal.invokers.TestMethodWorker.run(TestMethodWorker.java:134)
at java.base/java.util.ArrayList.forEach(ArrayList.java:1596)
at org.testng.TestRunner.privateRun(TestRunner.java:741)
at org.testng.TestRunner.run(TestRunner.java:616)
at org.testng.SuiteRunner.runTest(SuiteRunner.java:421)
at org.testng.SuiteRunner.runSequentially(SuiteRunner.java:413)
at org.testng.SuiteRunner.privateRun(SuiteRunner.java:373)
at org.testng.SuiteRunner.run(SuiteRunner.java:312)
at org.testng.SuiteRunnerWorker.runSuite(SuiteRunnerWorker.java:52)
at org.testng.SuiteRunnerWorker.run(SuiteRunnerWorker.java:95)
at org.testng.TestNG.runSuitesSequentially(TestNG.java:1274)
at org.testng.TestNG.runSuitesLocally(TestNG.java:1208)
at org.testng.TestNG.runSuites(TestNG.java:1112)
at org.testng.TestNG.run(TestNG.java:1079)
at org.testng.remote.AbstractRemoteTestNG.run(AbstractRemoteTestNG.java:115)
at org.testng.remote.RemoteTestNG.initAndRun(RemoteTestNG.java:293)
at org.testng.remote.RemoteTestNG.main(RemoteTestNG.java:91)
Caused by: com.fasterxml.jackson.databind.exc.UnrecognizedPropertyException: Unrecognized field "timestamp" (class com.api.model.response.LoginResponse), not marked as ignorable (6 known properties: "username", "token", "type", "id", "email", "roles"])
 at [Source: REDACTED (`StreamReadFeature.INCLUDE_SOURCE_IN_LOCATION` disabled); line: 1, column: 15] (through reference chain: com.api.model.response.LoginResponse["timestamp"])
at com.fasterxml.jackson.databind.exc.UnrecognizedPropertyException.from(UnrecognizedPropertyException.java:61)
at com.fasterxml.jackson.databind.DeserializationContext.handleUnknownProperty(DeserializationContext.java:1153)
at com.fasterxml.jackson.databind.deser.std.StdDeserializer.handleUnknownProperty(StdDeserializer.java:2241)
at com.fasterxml.jackson.databind.deser.BeanDeserializerBase.handleUnknownProperty(BeanDeserializerBase.java:1821)
at com.fasterxml.jackson.databind.deser.BeanDeserializerBase.handleUnknownVanilla(BeanDeserializerBase.java:1799)
at com.fasterxml.jackson.databind.deser.BeanDeserializer.vanillaDeserialize(BeanDeserializer.java:316)
at com.fasterxml.jackson.databind.deser.BeanDeserializer.deserialize(BeanDeserializer.java:177)
at com.fasterxml.jackson.databind.deser.DefaultDeserializationContext.readRootValue(DefaultDeserializationContext.java:342)
at com.fasterxml.jackson.databind.ObjectMapper._readMapAndClose(ObjectMapper.java:4917)
at com.fasterxml.jackson.databind.ObjectMapper.readValue(ObjectMapper.java:3860)
at io.restassured.internal.path.json.mapping.JsonPathJackson2ObjectDeserializer.deserialize(JsonPathJackson2ObjectDeserializer.java:28)
... 36 more
]]>
            </full-stacktrace>
          </exception> <!-- java.lang.RuntimeException -->
          <reporter-output>
          </reporter-output>
        </test-method> <!-- getprofile -->
      </class> <!-- loginapi.GetProfileTest -->
      <class name="loginapi.Accountcreation">
        <test-method signature="acountcreation()[pri:0, instance:loginapi.Accountcreation@411f53a0]" started-at="2025-05-30T13:21:45 IST" name="acountcreation" description="verify the accountfunctionality functionality" finished-at="2025-05-30T13:21:45 IST" duration-ms="93" status="PASS">
          <reporter-output>
          </reporter-output>
        </test-method> <!-- acountcreation -->
      </class> <!-- loginapi.Accountcreation -->
      <class name="loginapi.Logintest">
        <test-method signature="login()[pri:0, instance:loginapi.Logintest@41d477ed]" started-at="2025-05-30T13:21:43 IST" name="login" description="verify the login functionality" finished-at="2025-05-30T13:21:45 IST" duration-ms="1672" status="PASS">
          <reporter-output>
          </reporter-output>
        </test-method> <!-- login -->
      </class> <!-- loginapi.Logintest -->
      <class name="loginapi.ForgotPassword">
        <test-method signature="forgotpassword()[pri:0, instance:loginapi.ForgotPassword@73c60324]" started-at="2025-05-30T13:21:45 IST" name="forgotpassword" finished-at="2025-05-30T13:21:45 IST" duration-ms="90" status="PASS">
          <reporter-output>
          </reporter-output>
        </test-method> <!-- forgotpassword -->
      </class> <!-- loginapi.ForgotPassword -->
    </test> <!-- Test -->
  </suite> <!-- apiTestSuite -->
</testng-results>
